#
# There is insufficient memory for the Java Runtime Environment to continue.
# Native memory allocation (mmap) failed to map 67108864 bytes for G1 virtual space
# Possible reasons:
#   The system is out of physical RAM or swap space
#   The process is running with CompressedOops enabled, and the Java Heap may be blocking the growth of the native heap
# Possible solutions:
#   Reduce memory load on the system
#   Increase physical memory or swap space
#   Check if swap backing store is full
#   Decrease Java heap size (-Xmx/-Xms)
#   Decrease number of Java threads
#   Decrease Java thread stack sizes (-Xss)
#   Set larger code cache with -XX:ReservedCodeCacheSize=
#   JVM is running with Unscaled Compressed Oops mode in which the Java heap is
#     placed in the first 4GB address space. The Java Heap base address is the
#     maximum limit for the native heap growth. Please use -XX:HeapBaseMinAddress
#     to set the Java Heap base and to place the Java Heap above 4GB virtual address.
# This output file may be truncated or incomplete.
#
#  Out of Memory Error (os_windows.cpp:3466), pid=49180, tid=47024
#
# JRE version:  (16.0.2+7) (build )
# Java VM: Java HotSpot(TM) 64-Bit Server VM (16.0.2+7-67, mixed mode, sharing, tiered, compressed oops, compressed class ptrs, g1 gc, windows-amd64)
# No core dump will be written. Minidumps are not enabled by default on client versions of Windows
#

---------------  S U M M A R Y ------------

Command Line: -ea -Dfile.encoding=Cp1252 -XX:+ShowCodeDetailsInExceptionMessages org.testng.remote.RemoteTestNG -serport 62004 -protocol json -d E:\EndToEndFramework\BDDFramework\test-output E:\EndToEndFramework\BDDFramework\testng.xml

Host: Intel(R) Core(TM) i3-4030U CPU @ 1.90GHz, 4 cores, 3G,  Windows 10 , 64 bit Build 19041 (10.0.19041.1202)
Time: Mon Nov 22 09:53:41 2021 India Standard Time elapsed time: 0.328217 seconds (0d 0h 0m 0s)

---------------  T H R E A D  ---------------

Current thread (0x0000020a541a9ef0):  JavaThread "Unknown thread" [_thread_in_vm, id=47024, stack(0x000000a67e800000,0x000000a67e900000)]

Stack: [0x000000a67e800000,0x000000a67e900000]
Native frames: (J=compiled Java code, j=interpreted, Vv=VM code, C=native code)
V  [jvm.dll+0x6681ca]
V  [jvm.dll+0x7c9e69]
V  [jvm.dll+0x7cb61e]
V  [jvm.dll+0x7cbc73]
V  [jvm.dll+0x242c55]
V  [jvm.dll+0x664f89]
V  [jvm.dll+0x659b75]
V  [jvm.dll+0x2fbfbb]
V  [jvm.dll+0x3031b6]
V  [jvm.dll+0x35299e]
V  [jvm.dll+0x352bcf]
V  [jvm.dll+0x2d3028]
V  [jvm.dll+0x2d4264]
V  [jvm.dll+0x79c741]
V  [jvm.dll+0x360791]
V  [jvm.dll+0x77a3f0]
V  [jvm.dll+0x3e4e8f]
V  [jvm.dll+0x3e6961]
C  [jli.dll+0x52fb]
C  [ucrtbase.dll+0x21bb2]
C  [KERNEL32.DLL+0x17034]
C  [ntdll.dll+0x52651]


---------------  P R O C E S S  ---------------

Threads class SMR info:
_java_thread_list=0x00007ffa3234cbb8, length=0, elements={
}

Java Threads: ( => current thread )

Other Threads:
  0x0000020a541d82d0 GCTaskThread "GC Thread#0" [stack: 0x000000a67e900000,0x000000a67ea00000] [id=52784]
  0x0000020a541e2880 ConcurrentGCThread "G1 Main Marker" [stack: 0x000000a67ea00000,0x000000a67eb00000] [id=43660]
  0x0000020a541e4300 ConcurrentGCThread "G1 Conc#0" [stack: 0x000000a67eb00000,0x000000a67ec00000] [id=51560]

[error occurred during error reporting (printing all threads), id 0xc0000005, EXCEPTION_ACCESS_VIOLATION (0xc0000005) at pc=0x00007ffa31b23ee7]

VM state: not at safepoint (not fully initialized)

VM Mutex/Monitor currently owned by a thread:  ([mutex/lock_event])
[0x0000020a541a6040] Heap_lock - owner thread: 0x0000020a541a9ef0

Heap address: 0x00000000c1a00000, size: 998 MB, Compressed Oops mode: 32-bit

CDS archive(s) mapped at: [0x0000000000000000-0x0000000000000000-0x0000000000000000), size 0, SharedBaseAddress: 0x0000000800000000, ArchiveRelocationMode: 0.
Narrow klass base: 0x0000000000000000, Narrow klass shift: 0, Narrow klass range: 0x0

GC Precious Log:
<Empty>

Heap:
 garbage-first heap   total 0K, used 0K [0x00000000c1a00000, 0x0000000100000000)
  region size 1024K, 0 young (0K), 0 survivors (0K)

[error occurred during error reporting (printing heap information), id 0xc0000005, EXCEPTION_ACCESS_VIOLATION (0xc0000005) at pc=0x00007ffa31f01eed]

GC Heap History (0 events):
No events

Deoptimization events (0 events):
No events

Classes unloaded (0 events):
No events

Classes redefined (0 events):
No events

Internal exceptions (0 events):
No events

Events (1 events):
Event: 0.031 Loaded shared library C:\Program Files\Java\jdk-16.0.2\bin\java.dll


Dynamic libraries:
0x00007ff6912c0000 - 0x00007ff6912d0000 	C:\Program Files\Java\jdk-16.0.2\bin\javaw.exe
0x00007ffa76730000 - 0x00007ffa76925000 	C:\Windows\SYSTEM32\ntdll.dll
0x00007ffa749a0000 - 0x00007ffa74a5e000 	C:\Windows\System32\KERNEL32.DLL
0x00007ffa74170000 - 0x00007ffa74439000 	C:\Windows\System32\KERNELBASE.dll
0x00007ffa74490000 - 0x00007ffa74590000 	C:\Windows\System32\ucrtbase.dll
0x00007ffa60520000 - 0x00007ffa60538000 	C:\Program Files\Java\jdk-16.0.2\bin\jli.dll
0x00007ffa60540000 - 0x00007ffa60559000 	C:\Program Files\Java\jdk-16.0.2\bin\VCRUNTIME140.dll
0x00007ffa74a60000 - 0x00007ffa74b0c000 	C:\Windows\System32\ADVAPI32.dll
0x00007ffa74820000 - 0x00007ffa748be000 	C:\Windows\System32\msvcrt.dll
0x00007ffa75870000 - 0x00007ffa7590b000 	C:\Windows\System32\sechost.dll
0x00007ffa763a0000 - 0x00007ffa764ca000 	C:\Windows\System32\RPCRT4.dll
0x00007ffa760c0000 - 0x00007ffa76261000 	C:\Windows\System32\USER32.dll
0x00007ffa61960000 - 0x00007ffa61bfa000 	C:\Windows\WinSxS\amd64_microsoft.windows.common-controls_6595b64144ccf1df_6.0.19041.1110_none_60b5254171f9507e\COMCTL32.dll
0x00007ffa74010000 - 0x00007ffa74032000 	C:\Windows\System32\win32u.dll
0x00007ffa74c80000 - 0x00007ffa74cab000 	C:\Windows\System32\GDI32.dll
0x00007ffa74670000 - 0x00007ffa7477b000 	C:\Windows\System32\gdi32full.dll
0x00007ffa740d0000 - 0x00007ffa7416d000 	C:\Windows\System32\msvcp_win.dll
0x00007ffa63890000 - 0x00007ffa6389a000 	C:\Windows\SYSTEM32\VERSION.dll
0x00007ffa76090000 - 0x00007ffa760c0000 	C:\Windows\System32\IMM32.DLL
0x00007ffa6b8d0000 - 0x00007ffa6b8dc000 	C:\Program Files\Java\jdk-16.0.2\bin\vcruntime140_1.dll
0x00007ffa516e0000 - 0x00007ffa51771000 	C:\Program Files\Java\jdk-16.0.2\bin\msvcp140.dll
0x00007ffa31840000 - 0x00007ffa323eb000 	C:\Program Files\Java\jdk-16.0.2\bin\server\jvm.dll
0x00007ffa74810000 - 0x00007ffa74818000 	C:\Windows\System32\PSAPI.DLL
0x00007ffa5e8e0000 - 0x00007ffa5e907000 	C:\Windows\SYSTEM32\WINMM.dll
0x00007ffa6f970000 - 0x00007ffa6f979000 	C:\Windows\SYSTEM32\WSOCK32.dll
0x00007ffa764d0000 - 0x00007ffa7653b000 	C:\Windows\System32\WS2_32.dll
0x00007ffa71d50000 - 0x00007ffa71d62000 	C:\Windows\SYSTEM32\kernel.appcore.dll
0x00007ffa65940000 - 0x00007ffa6594a000 	C:\Program Files\Java\jdk-16.0.2\bin\jimage.dll
0x00007ffa63c80000 - 0x00007ffa63e64000 	C:\Windows\SYSTEM32\DBGHELP.DLL
0x00007ffa63c50000 - 0x00007ffa63c7c000 	C:\Windows\SYSTEM32\dbgcore.DLL
0x00007ffa74040000 - 0x00007ffa740c3000 	C:\Windows\System32\bcryptPrimitives.dll
0x00007ffa5fd90000 - 0x00007ffa5fdb5000 	C:\Program Files\Java\jdk-16.0.2\bin\java.dll

dbghelp: loaded successfully - version: 4.0.5 - missing functions: none
symbol engine: initialized successfully - sym options: 0x614 - pdb path: .;C:\Program Files\Java\jdk-16.0.2\bin;C:\Windows\SYSTEM32;C:\Windows\WinSxS\amd64_microsoft.windows.common-controls_6595b64144ccf1df_6.0.19041.1110_none_60b5254171f9507e;C:\Program Files\Java\jdk-16.0.2\bin\server

VM Arguments:
jvm_args: -ea -Dfile.encoding=Cp1252 -XX:+ShowCodeDetailsInExceptionMessages 
java_command: org.testng.remote.RemoteTestNG -serport 62004 -protocol json -d E:\EndToEndFramework\BDDFramework\test-output E:\EndToEndFramework\BDDFramework\testng.xml
java_class_path (initial): C:\Program Files\Eclipse\eclipse\configuration\org.eclipse.osgi\444\0\.cp\lib\testng-remote.jar;E:\EndToEndFramework\BDDFramework\target\test-classes;E:\EndToEndFramework\BDDFramework\target\classes;C:\Users\sravani-jukebox\.m2\repository\io\cucumber\cucumber-junit\7.0.0\cucumber-junit-7.0.0.jar;C:\Users\sravani-jukebox\.m2\repository\org\apiguardian\apiguardian-api\1.1.2\apiguardian-api-1.1.2.jar;C:\Users\sravani-jukebox\.m2\repository\io\cucumber\cucumber-core\7.0.0\cucumber-core-7.0.0.jar;C:\Users\sravani-jukebox\.m2\repository\io\cucumber\cucumber-gherkin\7.0.0\cucumber-gherkin-7.0.0.jar;C:\Users\sravani-jukebox\.m2\repository\io\cucumber\cucumber-gherkin-messages\7.0.0\cucumber-gherkin-messages-7.0.0.jar;C:\Users\sravani-jukebox\.m2\repository\io\cucumber\messages\17.1.1\messages-17.1.1.jar;C:\Users\sravani-jukebox\.m2\repository\io\cucumber\tag-expressions\4.0.2\tag-expressions-4.0.2.jar;C:\Users\sravani-jukebox\.m2\repository\io\cucumber\cucumber-expressions\13.0.1\cucumber-expressions-13.0.1.jar;C:\Users\sravani-jukebox\.m2\repository\io\cucumber\datatable\7.0.0\datatable-7.0.0.jar;C:\Users\sravani-jukebox\.m2\repository\io\cucumber\cucumber-plugin\7.0.0\cucumber-plugin-7.0.0.jar;C:\Users\sravani-jukebox\.m2\repository\io\cucumber\docstring\7.0.0\docstring-7.0.0.jar;C:\Users\sravani-jukebox\.m2\repository\io\cucumber\html-formatter\17.0.0\html-formatter-17.0.0.jar;C:\Users\sravani-jukebox\.m2\repository\io\cucumber\create-meta\6.0.1\create-meta-6.0.1.jar;C:\Users\sravani-jukebox\.m2\repository\io\cucumber\cucumber-jvm-deps\1.0.6\cucumber-jvm-deps-1.0.6.jar;C:\Users\sravani-jukebox\.m2\repository\io\cucumber\cucumber-testng\7.0.0\cucumber-testng-7.0.0.jar;C:\Users\sravani-jukebox\.m2\repository\io\cucumber\cucumber-java\7.0.0\cucumber-java-7.0.0.jar;C:\Users\sravani-jukebox\.m2\repository\junit\junit\4.11\junit-4.11.jar;C:\Users\sravani-jukebox\.m2\repository\org\hamcrest\hamcrest-core\1.3\hamcrest-core-1.3.jar;C:\Users\sravani-ju
Launcher Type: SUN_STANDARD

[Global flags]
     intx CICompilerCount                          = 3                                         {product} {ergonomic}
     uint ConcGCThreads                            = 1                                         {product} {ergonomic}
     uint G1ConcRefinementThreads                  = 4                                         {product} {ergonomic}
   size_t G1HeapRegionSize                         = 1048576                                   {product} {ergonomic}
    uintx GCDrainStackTargetSize                   = 64                                        {product} {ergonomic}
   size_t InitialHeapSize                          = 67108864                                  {product} {ergonomic}
   size_t MarkStackSize                            = 4194304                                   {product} {ergonomic}
   size_t MaxHeapSize                              = 1046478848                                {product} {ergonomic}
   size_t MinHeapDeltaBytes                        = 1048576                                   {product} {ergonomic}
   size_t MinHeapSize                              = 8388608                                   {product} {ergonomic}
    uintx NonNMethodCodeHeapSize                   = 5832780                                {pd product} {ergonomic}
    uintx NonProfiledCodeHeapSize                  = 122912730                              {pd product} {ergonomic}
    uintx ProfiledCodeHeapSize                     = 122912730                              {pd product} {ergonomic}
    uintx ReservedCodeCacheSize                    = 251658240                              {pd product} {ergonomic}
     bool SegmentedCodeCache                       = true                                      {product} {ergonomic}
     bool ShowCodeDetailsInExceptionMessages       = true                                   {manageable} {command line}
   size_t SoftMaxHeapSize                          = 1046478848                             {manageable} {ergonomic}
     bool UseCompressedClassPointers               = true                           {product lp64_product} {ergonomic}
     bool UseCompressedOops                        = true                           {product lp64_product} {ergonomic}
     bool UseG1GC                                  = true                                      {product} {ergonomic}
     bool UseLargePagesIndividualAllocation        = false                                  {pd product} {ergonomic}

Logging:
Log output configuration:
 #0: stdout all=warning uptime,level,tags
 #1: stderr all=off uptime,level,tags

Environment Variables:
JAVA_HOME=C:\Program Files\Java\jdk-16.0.2
PATH=C:/Program Files/Eclipse/eclipse//plugins/org.eclipse.justj.openjdk.hotspot.jre.full.win32.x86_64_16.0.1.v20210528-1205/jre/bin/server;C:/Program Files/Eclipse/eclipse//plugins/org.eclipse.justj.openjdk.hotspot.jre.full.win32.x86_64_16.0.1.v20210528-1205/jre/bin;C:\Program Files\Common Files\Oracle\Java\javapath;C:\Windows\system32;C:\Windows;C:\Windows\System32\Wbem;C:\Windows\System32\WindowsPowerShell\v1.0\;C:\Windows\System32\OpenSSH\;C:\Program Files\Microsoft VS Code\bin;C:\Program Files\Python38\Scripts\;C:\Program Files\Python38\;C:\Program Files (x86)\Brackets\command;C:\Program Files\Java\jdk-16.0.2\bin;C:\Program Files\Git\cmd;C:\Users\sravani-jukebox\anaconda3;C:\Users\sravani-jukebox\anaconda3\Library\mingw-w64\bin;C:\Users\sravani-jukebox\anaconda3\Library\usr\bin;C:\Users\sravani-jukebox\anaconda3\Library\bin;C:\Users\sravani-jukebox\anaconda3\Scripts;C:\Users\sravani-jukebox\AppData\Local\Programs\Python\Python38\Scripts\;C:\Users\sravani-jukebox\AppData\Local\Programs\Python\Python38\;C:\Users\sravani-jukebox\AppData\Local\Microsoft\WindowsApps;C:\Program Files\JetBrains\PyCharm 2021.1.1\bin;;C:\Program Files\Python38\Scripts\;C:\Program Files\Python38\;C:\Users\sravani-jukebox\AppData\Local\Programs\Microsoft VS Code\bin;E:\apache-maven-3.8.2\bin;;C:\Program Files\Eclipse\eclipse;
USERNAME=sravani-jukebox
OS=Windows_NT
PROCESSOR_IDENTIFIER=Intel64 Family 6 Model 69 Stepping 1, GenuineIntel



---------------  S Y S T E M  ---------------

OS:
 Windows 10 , 64 bit Build 19041 (10.0.19041.1202)
OS uptime: 4 days 23:25 hours

CPU: total 4 (initial active 4) (2 cores per cpu, 2 threads per core) family 6 model 69 stepping 1 microcode 0x25, cx8, cmov, fxsr, ht, mmx, sse, sse2, sse3, ssse3, sse4.1, sse4.2, popcnt, lzcnt, tsc, tscinvbit, avx, avx2, aes, erms, clmul, bmi1, bmi2, fma, vzeroupper, clflush

Memory: 4k page, system-wide physical 3988M (266M free)
TotalPageFile size 16276M (AvailPageFile size 66M)
current process WorkingSet (physical memory assigned to process): 9M, peak: 9M
current process commit charge ("private bytes"): 51M, peak: 115M

vm_info: Java HotSpot(TM) 64-Bit Server VM (16.0.2+7-67) for windows-amd64 JRE (16.0.2+7-67), built on Jun  8 2021 23:24:19 by "mach5one" with MS VC++ 16.7 (VS2019)

END.
