#
# There is insufficient memory for the Java Runtime Environment to continue.
# Native memory allocation (mmap) failed to map 65536 bytes for Failed to commit metaspace.
# Possible reasons:
#   The system is out of physical RAM or swap space
#   The process is running with CompressedOops enabled, and the Java Heap may be blocking the growth of the native heap
# Possible solutions:
#   Reduce memory load on the system
#   Increase physical memory or swap space
#   Check if swap backing store is full
#   Decrease Java heap size (-Xmx/-Xms)
#   Decrease number of Java threads
#   Decrease Java thread stack sizes (-Xss)
#   Set larger code cache with -XX:ReservedCodeCacheSize=
#   JVM is running with Unscaled Compressed Oops mode in which the Java heap is
#     placed in the first 4GB address space. The Java Heap base address is the
#     maximum limit for the native heap growth. Please use -XX:HeapBaseMinAddress
#     to set the Java Heap base and to place the Java Heap above 4GB virtual address.
# This output file may be truncated or incomplete.
#
#  Out of Memory Error (virtualSpaceNode.cpp:108), pid=52448, tid=51836
#
# JRE version: OpenJDK Runtime Environment (16.0.1+9) (build 16.0.1+9-24)
# Java VM: OpenJDK 64-Bit Server VM (16.0.1+9-24, mixed mode, tiered, compressed oops, compressed class ptrs, g1 gc, windows-amd64)
# No core dump will be written. Minidumps are not enabled by default on client versions of Windows
#

---------------  S U M M A R Y ------------

Command Line: C:\Users\SRAVAN~1\AppData\Local\Temp\surefire14176115325451207776\surefirebooter9241856985987747200.jar C:\Users\sravani-jukebox\AppData\Local\Temp\surefire14176115325451207776 2021-11-21T14-25-11_734-jvmRun1 surefire324730171711790480tmp surefire_018226565884317665194tmp

Host: Intel(R) Core(TM) i3-4030U CPU @ 1.90GHz, 4 cores, 3G,  Windows 10 , 64 bit Build 19041 (10.0.19041.1202)
Time: Sun Nov 21 14:25:15 2021 India Standard Time elapsed time: 0.353815 seconds (0d 0h 0m 0s)

---------------  T H R E A D  ---------------

Current thread (0x0000022c1b3c9f70):  JavaThread "main" [_thread_in_vm, id=51836, stack(0x000000f474900000,0x000000f474a00000)]

Stack: [0x000000f474900000,0x000000f474a00000]
Native frames: (J=compiled Java code, j=interpreted, Vv=VM code, C=native code)
V  [jvm.dll+0x6687ca]
V  [jvm.dll+0x7ca3c9]
V  [jvm.dll+0x7cbb53]
V  [jvm.dll+0x7cc1b3]
V  [jvm.dll+0x242ea5]
V  [jvm.dll+0x7c6a4b]
V  [jvm.dll+0x60e436]
V  [jvm.dll+0x60e49a]
V  [jvm.dll+0x610aca]
V  [jvm.dll+0x60ed31]
V  [jvm.dll+0x1e9efe]
V  [jvm.dll+0x1eab0f]
V  [jvm.dll+0x1df8a1]
V  [jvm.dll+0x536728]
V  [jvm.dll+0x1f0fa2]
V  [jvm.dll+0x741e03]
V  [jvm.dll+0x7436a8]
V  [jvm.dll+0x7439d3]
V  [jvm.dll+0x23ad74]
V  [jvm.dll+0x377ac1]
C  0x0000022c2090f9ad

Java frames: (J=compiled Java code, j=interpreted, Vv=VM code)
j  java.lang.invoke.DelegatingMethodHandle.<clinit>()V+69 java.base@16.0.1
v  ~StubRoutines::call_stub
j  java.lang.invoke.MethodHandleImpl.makeIntrinsic(Ljava/lang/invoke/MethodType;Ljava/lang/invoke/LambdaForm;Ljava/lang/invoke/MethodHandleImpl$Intrinsic;)Ljava/lang/invoke/MethodHandle;+0 java.base@16.0.1
j  java.lang.invoke.MethodHandles.makeIdentity(Ljava/lang/Class;)Ljava/lang/invoke/MethodHandle;+19 java.base@16.0.1
j  java.lang.invoke.MethodHandles.identity(Ljava/lang/Class;)Ljava/lang/invoke/MethodHandle;+41 java.base@16.0.1
j  java.lang.invoke.MethodHandles.constant(Ljava/lang/Class;Ljava/lang/Object;)Ljava/lang/invoke/MethodHandle;+80 java.base@16.0.1
j  java.lang.invoke.InnerClassLambdaMetafactory.buildCallSite()Ljava/lang/invoke/CallSite;+140 java.base@16.0.1
j  java.lang.invoke.LambdaMetafactory.metafactory(Ljava/lang/invoke/MethodHandles$Lookup;Ljava/lang/String;Ljava/lang/invoke/MethodType;Ljava/lang/invoke/MethodType;Ljava/lang/invoke/MethodHandle;Ljava/lang/invoke/MethodType;)Ljava/lang/invoke/CallSite;+31 java.base@16.0.1
j  java.lang.invoke.DirectMethodHandle$Holder.invokeStatic(Ljava/lang/Object;Ljava/lang/Object;Ljava/lang/Object;Ljava/lang/Object;Ljava/lang/Object;Ljava/lang/Object;Ljava/lang/Object;)Ljava/lang/Object;+20 java.base@16.0.1
j  java.lang.invoke.Invokers$Holder.invokeExact_MT(Ljava/lang/Object;Ljava/lang/Object;Ljava/lang/Object;Ljava/lang/Object;Ljava/lang/Object;Ljava/lang/Object;Ljava/lang/Object;Ljava/lang/Object;)Ljava/lang/Object;+28 java.base@16.0.1
j  java.lang.invoke.BootstrapMethodInvoker.invoke(Ljava/lang/Class;Ljava/lang/invoke/MethodHandle;Ljava/lang/String;Ljava/lang/Object;Ljava/lang/Object;Ljava/lang/Class;)Ljava/lang/Object;+262 java.base@16.0.1
j  java.lang.invoke.CallSite.makeSite(Ljava/lang/invoke/MethodHandle;Ljava/lang/String;Ljava/lang/invoke/MethodType;Ljava/lang/Object;Ljava/lang/Class;)Ljava/lang/invoke/CallSite;+8 java.base@16.0.1
j  java.lang.invoke.MethodHandleNatives.linkCallSiteImpl(Ljava/lang/Class;Ljava/lang/invoke/MethodHandle;Ljava/lang/String;Ljava/lang/invoke/MethodType;Ljava/lang/Object;[Ljava/lang/Object;)Ljava/lang/invoke/MemberName;+6 java.base@16.0.1
j  java.lang.invoke.MethodHandleNatives.linkCallSite(Ljava/lang/Object;ILjava/lang/Object;Ljava/lang/Object;Ljava/lang/Object;Ljava/lang/Object;[Ljava/lang/Object;)Ljava/lang/invoke/MemberName;+46 java.base@16.0.1
v  ~StubRoutines::call_stub
j  java.lang.management.ManagementFactory.<clinit>()V+16 java.management@16.0.1
v  ~StubRoutines::call_stub
j  org.apache.maven.surefire.booter.ForkedBooter.isDebugging()Z+0
j  org.apache.maven.surefire.booter.ForkedBooter.setupBooter(Ljava/lang/String;Ljava/lang/String;Ljava/lang/String;Ljava/lang/String;)V+15
j  org.apache.maven.surefire.booter.ForkedBooter.main([Ljava/lang/String;)V+31
v  ~StubRoutines::call_stub

---------------  P R O C E S S  ---------------

Threads class SMR info:
_java_thread_list=0x0000022c34ea9700, length=13, elements={
0x0000022c1b3c9f70, 0x0000022c1d46e5d0, 0x0000022c342ea4d0, 0x0000022c343163a0,
0x0000022c34317fb0, 0x0000022c3431a9c0, 0x0000022c3431b3c0, 0x0000022c3431f6a0,
0x0000022c34320190, 0x0000022c34334bf0, 0x0000022c34e29ac0, 0x0000022c34e336e0,
0x0000022c34e88640
}

Java Threads: ( => current thread )
=>0x0000022c1b3c9f70 JavaThread "main" [_thread_in_vm, id=51836, stack(0x000000f474900000,0x000000f474a00000)]
  0x0000022c1d46e5d0 JavaThread "Reference Handler" daemon [_thread_blocked, id=48068, stack(0x000000f475000000,0x000000f475100000)]
  0x0000022c342ea4d0 JavaThread "Finalizer" daemon [_thread_blocked, id=51300, stack(0x000000f475100000,0x000000f475200000)]
  0x0000022c343163a0 JavaThread "Signal Dispatcher" daemon [_thread_blocked, id=41736, stack(0x000000f475200000,0x000000f475300000)]
  0x0000022c34317fb0 JavaThread "Attach Listener" daemon [_thread_blocked, id=49232, stack(0x000000f475300000,0x000000f475400000)]
  0x0000022c3431a9c0 JavaThread "Service Thread" daemon [_thread_blocked, id=50984, stack(0x000000f475400000,0x000000f475500000)]
  0x0000022c3431b3c0 JavaThread "Monitor Deflation Thread" daemon [_thread_blocked, id=50652, stack(0x000000f475500000,0x000000f475600000)]
  0x0000022c3431f6a0 JavaThread "C2 CompilerThread0" daemon [_thread_blocked, id=52500, stack(0x000000f475600000,0x000000f475700000)]
  0x0000022c34320190 JavaThread "C1 CompilerThread0" daemon [_thread_blocked, id=49888, stack(0x000000f475700000,0x000000f475800000)]
  0x0000022c34334bf0 JavaThread "Sweeper thread" daemon [_thread_blocked, id=25944, stack(0x000000f475800000,0x000000f475900000)]
  0x0000022c34e29ac0 JavaThread "Notification Thread" daemon [_thread_blocked, id=49720, stack(0x000000f475900000,0x000000f475a00000)]
  0x0000022c34e336e0 JavaThread "Common-Cleaner" daemon [_thread_blocked, id=45508, stack(0x000000f475b00000,0x000000f475c00000)]
  0x0000022c34e88640 JavaThread "surefire-forkedjvm-command-thread" daemon [_thread_in_native, id=51576, stack(0x000000f475c00000,0x000000f475d00000)]

Other Threads:
  0x0000022c1d46dd00 VMThread "VM Thread" [stack: 0x000000f474f00000,0x000000f475000000] [id=52008]
  0x0000022c34dbef70 WatcherThread [stack: 0x000000f475a00000,0x000000f475b00000] [id=46452]
  0x0000022c1d3c0c30 GCTaskThread "GC Thread#0" [stack: 0x000000f474a00000,0x000000f474b00000] [id=22732]
  0x0000022c1d3caa40 ConcurrentGCThread "G1 Main Marker" [stack: 0x000000f474b00000,0x000000f474c00000] [id=49872]
  0x0000022c1d3cbcd0 ConcurrentGCThread "G1 Conc#0" [stack: 0x000000f474c00000,0x000000f474d00000] [id=44720]
  0x0000022c1d41b990 ConcurrentGCThread "G1 Refine#0" [stack: 0x000000f474d00000,0x000000f474e00000] [id=52768]
  0x0000022c1d41d420 ConcurrentGCThread "G1 Service" [stack: 0x000000f474e00000,0x000000f474f00000] [id=50708]

Threads with active compile tasks:

VM state: not at safepoint (normal execution)

VM Mutex/Monitor currently owned by a thread:  ([mutex/lock_event])
[0x0000022c1d3903f0] MetaspaceExpand_lock - owner thread: 0x0000022c1b3c9f70

Heap address: 0x00000000c1a00000, size: 998 MB, Compressed Oops mode: 32-bit

CDS disabled.
Compressed class space mapped at: 0x0000000100000000-0x0000000140000000, reserved size: 1073741824
Narrow klass base: 0x0000000000000000, Narrow klass shift: 3, Narrow klass range: 0x140000000

GC Precious Log:
 CPUs: 4 total, 4 available
 Memory: 3988M
 Large Page Support: Disabled
 NUMA Support: Disabled
 Compressed Oops: Enabled (32-bit)
 Heap Region Size: 1M
 Heap Min Capacity: 8M
 Heap Initial Capacity: 64M
 Heap Max Capacity: 998M
 Pre-touch: Disabled
 Parallel Workers: 4
 Concurrent Workers: 1
 Concurrent Refinement Workers: 4
 Periodic GC: Disabled

Heap:
 garbage-first heap   total 65536K, used 3072K [0x00000000c1a00000, 0x0000000100000000)
  region size 1024K, 4 young (4096K), 0 survivors (0K)
 Metaspace       used 5952K, committed 6016K, reserved 1056768K
  class space    used 490K, committed 512K, reserved 1048576K

Heap Regions: E=young(eden), S=young(survivor), O=old, HS=humongous(starts), HC=humongous(continues), CS=collection set, F=free, OA=open archive, CA=closed archive, TAMS=top-at-mark-start (previous, next)
|   0|0x00000000c1a00000, 0x00000000c1a00000, 0x00000000c1b00000|  0%| F|  |TAMS 0x00000000c1a00000, 0x00000000c1a00000| Untracked 
|   1|0x00000000c1b00000, 0x00000000c1b00000, 0x00000000c1c00000|  0%| F|  |TAMS 0x00000000c1b00000, 0x00000000c1b00000| Untracked 
|   2|0x00000000c1c00000, 0x00000000c1c00000, 0x00000000c1d00000|  0%| F|  |TAMS 0x00000000c1c00000, 0x00000000c1c00000| Untracked 
|   3|0x00000000c1d00000, 0x00000000c1d00000, 0x00000000c1e00000|  0%| F|  |TAMS 0x00000000c1d00000, 0x00000000c1d00000| Untracked 
|   4|0x00000000c1e00000, 0x00000000c1e00000, 0x00000000c1f00000|  0%| F|  |TAMS 0x00000000c1e00000, 0x00000000c1e00000| Untracked 
|   5|0x00000000c1f00000, 0x00000000c1f00000, 0x00000000c2000000|  0%| F|  |TAMS 0x00000000c1f00000, 0x00000000c1f00000| Untracked 
|   6|0x00000000c2000000, 0x00000000c2000000, 0x00000000c2100000|  0%| F|  |TAMS 0x00000000c2000000, 0x00000000c2000000| Untracked 
|   7|0x00000000c2100000, 0x00000000c2100000, 0x00000000c2200000|  0%| F|  |TAMS 0x00000000c2100000, 0x00000000c2100000| Untracked 
|   8|0x00000000c2200000, 0x00000000c2200000, 0x00000000c2300000|  0%| F|  |TAMS 0x00000000c2200000, 0x00000000c2200000| Untracked 
|   9|0x00000000c2300000, 0x00000000c2300000, 0x00000000c2400000|  0%| F|  |TAMS 0x00000000c2300000, 0x00000000c2300000| Untracked 
|  10|0x00000000c2400000, 0x00000000c2400000, 0x00000000c2500000|  0%| F|  |TAMS 0x00000000c2400000, 0x00000000c2400000| Untracked 
|  11|0x00000000c2500000, 0x00000000c2500000, 0x00000000c2600000|  0%| F|  |TAMS 0x00000000c2500000, 0x00000000c2500000| Untracked 
|  12|0x00000000c2600000, 0x00000000c2600000, 0x00000000c2700000|  0%| F|  |TAMS 0x00000000c2600000, 0x00000000c2600000| Untracked 
|  13|0x00000000c2700000, 0x00000000c2700000, 0x00000000c2800000|  0%| F|  |TAMS 0x00000000c2700000, 0x00000000c2700000| Untracked 
|  14|0x00000000c2800000, 0x00000000c2800000, 0x00000000c2900000|  0%| F|  |TAMS 0x00000000c2800000, 0x00000000c2800000| Untracked 
|  15|0x00000000c2900000, 0x00000000c2900000, 0x00000000c2a00000|  0%| F|  |TAMS 0x00000000c2900000, 0x00000000c2900000| Untracked 
|  16|0x00000000c2a00000, 0x00000000c2a00000, 0x00000000c2b00000|  0%| F|  |TAMS 0x00000000c2a00000, 0x00000000c2a00000| Untracked 
|  17|0x00000000c2b00000, 0x00000000c2b00000, 0x00000000c2c00000|  0%| F|  |TAMS 0x00000000c2b00000, 0x00000000c2b00000| Untracked 
|  18|0x00000000c2c00000, 0x00000000c2c00000, 0x00000000c2d00000|  0%| F|  |TAMS 0x00000000c2c00000, 0x00000000c2c00000| Untracked 
|  19|0x00000000c2d00000, 0x00000000c2d00000, 0x00000000c2e00000|  0%| F|  |TAMS 0x00000000c2d00000, 0x00000000c2d00000| Untracked 
|  20|0x00000000c2e00000, 0x00000000c2e00000, 0x00000000c2f00000|  0%| F|  |TAMS 0x00000000c2e00000, 0x00000000c2e00000| Untracked 
|  21|0x00000000c2f00000, 0x00000000c2f00000, 0x00000000c3000000|  0%| F|  |TAMS 0x00000000c2f00000, 0x00000000c2f00000| Untracked 
|  22|0x00000000c3000000, 0x00000000c3000000, 0x00000000c3100000|  0%| F|  |TAMS 0x00000000c3000000, 0x00000000c3000000| Untracked 
|  23|0x00000000c3100000, 0x00000000c3100000, 0x00000000c3200000|  0%| F|  |TAMS 0x00000000c3100000, 0x00000000c3100000| Untracked 
|  24|0x00000000c3200000, 0x00000000c3200000, 0x00000000c3300000|  0%| F|  |TAMS 0x00000000c3200000, 0x00000000c3200000| Untracked 
|  25|0x00000000c3300000, 0x00000000c3300000, 0x00000000c3400000|  0%| F|  |TAMS 0x00000000c3300000, 0x00000000c3300000| Untracked 
|  26|0x00000000c3400000, 0x00000000c3400000, 0x00000000c3500000|  0%| F|  |TAMS 0x00000000c3400000, 0x00000000c3400000| Untracked 
|  27|0x00000000c3500000, 0x00000000c3500000, 0x00000000c3600000|  0%| F|  |TAMS 0x00000000c3500000, 0x00000000c3500000| Untracked 
|  28|0x00000000c3600000, 0x00000000c3600000, 0x00000000c3700000|  0%| F|  |TAMS 0x00000000c3600000, 0x00000000c3600000| Untracked 
|  29|0x00000000c3700000, 0x00000000c3700000, 0x00000000c3800000|  0%| F|  |TAMS 0x00000000c3700000, 0x00000000c3700000| Untracked 
|  30|0x00000000c3800000, 0x00000000c3800000, 0x00000000c3900000|  0%| F|  |TAMS 0x00000000c3800000, 0x00000000c3800000| Untracked 
|  31|0x00000000c3900000, 0x00000000c3900000, 0x00000000c3a00000|  0%| F|  |TAMS 0x00000000c3900000, 0x00000000c3900000| Untracked 
|  32|0x00000000c3a00000, 0x00000000c3a00000, 0x00000000c3b00000|  0%| F|  |TAMS 0x00000000c3a00000, 0x00000000c3a00000| Untracked 
|  33|0x00000000c3b00000, 0x00000000c3b00000, 0x00000000c3c00000|  0%| F|  |TAMS 0x00000000c3b00000, 0x00000000c3b00000| Untracked 
|  34|0x00000000c3c00000, 0x00000000c3c00000, 0x00000000c3d00000|  0%| F|  |TAMS 0x00000000c3c00000, 0x00000000c3c00000| Untracked 
|  35|0x00000000c3d00000, 0x00000000c3d00000, 0x00000000c3e00000|  0%| F|  |TAMS 0x00000000c3d00000, 0x00000000c3d00000| Untracked 
|  36|0x00000000c3e00000, 0x00000000c3e00000, 0x00000000c3f00000|  0%| F|  |TAMS 0x00000000c3e00000, 0x00000000c3e00000| Untracked 
|  37|0x00000000c3f00000, 0x00000000c3f00000, 0x00000000c4000000|  0%| F|  |TAMS 0x00000000c3f00000, 0x00000000c3f00000| Untracked 
|  38|0x00000000c4000000, 0x00000000c4000000, 0x00000000c4100000|  0%| F|  |TAMS 0x00000000c4000000, 0x00000000c4000000| Untracked 
|  39|0x00000000c4100000, 0x00000000c4100000, 0x00000000c4200000|  0%| F|  |TAMS 0x00000000c4100000, 0x00000000c4100000| Untracked 
|  40|0x00000000c4200000, 0x00000000c4200000, 0x00000000c4300000|  0%| F|  |TAMS 0x00000000c4200000, 0x00000000c4200000| Untracked 
|  41|0x00000000c4300000, 0x00000000c4300000, 0x00000000c4400000|  0%| F|  |TAMS 0x00000000c4300000, 0x00000000c4300000| Untracked 
|  42|0x00000000c4400000, 0x00000000c4400000, 0x00000000c4500000|  0%| F|  |TAMS 0x00000000c4400000, 0x00000000c4400000| Untracked 
|  43|0x00000000c4500000, 0x00000000c4500000, 0x00000000c4600000|  0%| F|  |TAMS 0x00000000c4500000, 0x00000000c4500000| Untracked 
|  44|0x00000000c4600000, 0x00000000c4600000, 0x00000000c4700000|  0%| F|  |TAMS 0x00000000c4600000, 0x00000000c4600000| Untracked 
|  45|0x00000000c4700000, 0x00000000c4700000, 0x00000000c4800000|  0%| F|  |TAMS 0x00000000c4700000, 0x00000000c4700000| Untracked 
|  46|0x00000000c4800000, 0x00000000c4800000, 0x00000000c4900000|  0%| F|  |TAMS 0x00000000c4800000, 0x00000000c4800000| Untracked 
|  47|0x00000000c4900000, 0x00000000c4900000, 0x00000000c4a00000|  0%| F|  |TAMS 0x00000000c4900000, 0x00000000c4900000| Untracked 
|  48|0x00000000c4a00000, 0x00000000c4a00000, 0x00000000c4b00000|  0%| F|  |TAMS 0x00000000c4a00000, 0x00000000c4a00000| Untracked 
|  49|0x00000000c4b00000, 0x00000000c4b00000, 0x00000000c4c00000|  0%| F|  |TAMS 0x00000000c4b00000, 0x00000000c4b00000| Untracked 
|  50|0x00000000c4c00000, 0x00000000c4c00000, 0x00000000c4d00000|  0%| F|  |TAMS 0x00000000c4c00000, 0x00000000c4c00000| Untracked 
|  51|0x00000000c4d00000, 0x00000000c4d00000, 0x00000000c4e00000|  0%| F|  |TAMS 0x00000000c4d00000, 0x00000000c4d00000| Untracked 
|  52|0x00000000c4e00000, 0x00000000c4e00000, 0x00000000c4f00000|  0%| F|  |TAMS 0x00000000c4e00000, 0x00000000c4e00000| Untracked 
|  53|0x00000000c4f00000, 0x00000000c4f00000, 0x00000000c5000000|  0%| F|  |TAMS 0x00000000c4f00000, 0x00000000c4f00000| Untracked 
|  54|0x00000000c5000000, 0x00000000c5000000, 0x00000000c5100000|  0%| F|  |TAMS 0x00000000c5000000, 0x00000000c5000000| Untracked 
|  55|0x00000000c5100000, 0x00000000c5100000, 0x00000000c5200000|  0%| F|  |TAMS 0x00000000c5100000, 0x00000000c5100000| Untracked 
|  56|0x00000000c5200000, 0x00000000c5200000, 0x00000000c5300000|  0%| F|  |TAMS 0x00000000c5200000, 0x00000000c5200000| Untracked 
|  57|0x00000000c5300000, 0x00000000c5300000, 0x00000000c5400000|  0%| F|  |TAMS 0x00000000c5300000, 0x00000000c5300000| Untracked 
|  58|0x00000000c5400000, 0x00000000c5400000, 0x00000000c5500000|  0%| F|  |TAMS 0x00000000c5400000, 0x00000000c5400000| Untracked 
|  59|0x00000000c5500000, 0x00000000c5500000, 0x00000000c5600000|  0%| F|  |TAMS 0x00000000c5500000, 0x00000000c5500000| Untracked 
|  60|0x00000000c5600000, 0x00000000c5685a48, 0x00000000c5700000| 52%| E|  |TAMS 0x00000000c5600000, 0x00000000c5600000| Complete 
|  61|0x00000000c5700000, 0x00000000c5800000, 0x00000000c5800000|100%| E|CS|TAMS 0x00000000c5700000, 0x00000000c5700000| Complete 
|  62|0x00000000c5800000, 0x00000000c5900000, 0x00000000c5900000|100%| E|CS|TAMS 0x00000000c5800000, 0x00000000c5800000| Complete 
|  63|0x00000000c5900000, 0x00000000c5a00000, 0x00000000c5a00000|100%| E|CS|TAMS 0x00000000c5900000, 0x00000000c5900000| Complete 

Card table byte_map: [0x0000022c2fb00000,0x0000022c2fd00000] _byte_map_base: 0x0000022c2f4f3000

Marking Bits (Prev, Next): (CMBitMap*) 0x0000022c1d3c2330, (CMBitMap*) 0x0000022c1d3c2370
 Prev Bits: [0x0000022c2ff00000, 0x0000022c30e98000)
 Next Bits: [0x0000022c30ea0000, 0x0000022c31e38000)

Polling page: 0x0000022c1b270000

Metaspace:

Usage:
  Non-class:      5.33 MB used.
      Class:    490.91 KB used.
       Both:      5.81 MB used.

Virtual space:
  Non-class space:        8.00 MB reserved,       5.38 MB ( 67%) committed,  1 nodes.
      Class space:        1.00 GB reserved,     512.00 KB ( <1%) committed,  1 nodes.
              Both:        1.01 GB reserved,       5.88 MB ( <1%) committed. 

Chunk freelists:
   Non-Class:  2.40 MB
       Class:  3.51 MB
        Both:  5.92 MB

MaxMetaspaceSize: 17179869184.00 GB
CompressedClassSpaceSize: 1.00 GB
 - commit_granule_bytes: 65536.
 - commit_granule_words: 8192.
 - virtual_space_node_default_size: 1048576.
 - enlarge_chunks_in_place: 1.
 - new_chunks_are_fully_committed: 0.
 - uncommit_free_chunks: 1.
 - use_allocation_guard: 0.
 - handle_deallocations: 1.


Internal statistics:

num_allocs_failed_limit: 0.
num_arena_births: 8.
num_arena_deaths: 0.
num_vsnodes_births: 2.
num_vsnodes_deaths: 0.
num_space_committed: 94.
num_space_uncommitted: 0.
num_chunks_returned_to_freelist: 0.
num_chunks_taken_from_freelist: 21.
num_chunk_merges: 0.
num_chunk_splits: 10.
num_chunks_enlarged: 9.
num_purges: 0.

CodeHeap 'non-profiled nmethods': size=120000Kb used=31Kb max_used=31Kb free=119968Kb
 bounds [0x0000022c283d0000, 0x0000022c28640000, 0x0000022c2f900000]
CodeHeap 'profiled nmethods': size=120000Kb used=213Kb max_used=213Kb free=119786Kb
 bounds [0x0000022c20ea0000, 0x0000022c21110000, 0x0000022c283d0000]
CodeHeap 'non-nmethods': size=5760Kb used=1107Kb max_used=1107Kb free=4653Kb
 bounds [0x0000022c20900000, 0x0000022c20b70000, 0x0000022c20ea0000]
 total_blobs=520 nmethods=142 adapters=291
 compilation: enabled
              stopped_count=0, restarted_count=0
 full_count=0

Compilation events (20 events):
Event: 0.263 Thread 0x0000022c34320190 nmethod 127 0x0000022c20ecf110 code [0x0000022c20ecf4e0, 0x0000022c20ed1cb8]
Event: 0.263 Thread 0x0000022c34320190  128       3       java.util.concurrent.ConcurrentHashMap::put (8 bytes)
Event: 0.263 Thread 0x0000022c34320190 nmethod 128 0x0000022c20ed2810 code [0x0000022c20ed29c0, 0x0000022c20ed2b08]
Event: 0.263 Thread 0x0000022c34320190  129       3       java.util.concurrent.ConcurrentHashMap::get (162 bytes)
Event: 0.264 Thread 0x0000022c34320190 nmethod 129 0x0000022c20ed2b90 code [0x0000022c20ed2de0, 0x0000022c20ed38a8]
Event: 0.264 Thread 0x0000022c3431f6a0 nmethod 126 0x0000022c283d5310 code [0x0000022c283d54c0, 0x0000022c283d5718]
Event: 0.264 Thread 0x0000022c3431f6a0  124       4       java.lang.StringBuilder::append (8 bytes)
Event: 0.268 Thread 0x0000022c3431f6a0 nmethod 124 0x0000022c283d5910 code [0x0000022c283d5ac0, 0x0000022c283d5d38]
Event: 0.274 Thread 0x0000022c34320190  130       1       java.lang.Class::getClassLoader0 (5 bytes)
Event: 0.274 Thread 0x0000022c34320190 nmethod 130 0x0000022c283d5f90 code [0x0000022c283d6120, 0x0000022c283d61f8]
Event: 0.282 Thread 0x0000022c34320190  134       1       java.lang.Enum::ordinal (5 bytes)
Event: 0.282 Thread 0x0000022c34320190 nmethod 134 0x0000022c283d6c90 code [0x0000022c283d6e20, 0x0000022c283d6ef8]
Event: 0.300 Thread 0x0000022c34320190  137       1       java.lang.invoke.MethodType::returnType (5 bytes)
Event: 0.300 Thread 0x0000022c34320190 nmethod 137 0x0000022c283d7890 code [0x0000022c283d7a20, 0x0000022c283d7af8]
Event: 0.301 Thread 0x0000022c34320190  140   !   3       java.lang.ref.ReferenceQueue::poll (28 bytes)
Event: 0.301 Thread 0x0000022c34320190 nmethod 140 0x0000022c20ed3b90 code [0x0000022c20ed3d40, 0x0000022c20ed3fc8]
Event: 0.301 Thread 0x0000022c34320190  141       3       java.lang.invoke.MethodTypeForm::canonicalize (233 bytes)
Event: 0.302 Thread 0x0000022c34320190 nmethod 141 0x0000022c20ed4110 code [0x0000022c20ed43e0, 0x0000022c20ed5018]
Event: 0.302 Thread 0x0000022c34320190  142       3       java.lang.AbstractStringBuilder::<init> (39 bytes)
Event: 0.302 Thread 0x0000022c34320190 nmethod 142 0x0000022c20ed5290 code [0x0000022c20ed5440, 0x0000022c20ed56b8]

GC Heap History (0 events):
No events

Deoptimization events (0 events):
No events

Classes unloaded (0 events):
No events

Classes redefined (0 events):
No events

Internal exceptions (2 events):
Event: 0.282 Thread 0x0000022c1b3c9f70 Exception <a 'java/lang/NoSuchMethodError'{0x00000000c5644b48}: 'java.lang.Object java.lang.invoke.DirectMethodHandle$Holder.invokeStatic(java.lang.Object)'> (0x00000000c5644b48) 
thrown [t:\workspace\open\src\hotspot\share\interpreter\linkResolver.cpp, line 790]
Event: 0.290 Thread 0x0000022c1b3c9f70 Exception <a 'java/lang/NoSuchMethodError'{0x00000000c564a250}: 'java.lang.Object java.lang.invoke.DirectMethodHandle$Holder.invokeStaticInit(java.lang.Object)'> (0x00000000c564a250) 
thrown [t:\workspace\open\src\hotspot\share\interpreter\linkResolver.cpp, line 790]

Events (20 events):
Event: 0.299 loading class java/lang/invoke/BoundMethodHandle$SpeciesData done
Event: 0.299 loading class java/lang/invoke/BoundMethodHandle$Specializer$Factory
Event: 0.299 loading class java/lang/invoke/ClassSpecializer$Factory
Event: 0.299 loading class java/lang/invoke/ClassSpecializer$Factory done
Event: 0.299 loading class java/lang/invoke/BoundMethodHandle$Specializer$Factory done
Event: 0.300 loading class java/lang/invoke/SimpleMethodHandle
Event: 0.300 loading class java/lang/invoke/SimpleMethodHandle done
Event: 0.300 loading class java/lang/invoke/BoundMethodHandle$Species_L
Event: 0.301 loading class java/lang/invoke/BoundMethodHandle$Species_L done
Event: 0.301 loading class java/lang/invoke/DirectMethodHandle$2
Event: 0.301 loading class java/lang/invoke/DirectMethodHandle$2 done
Event: 0.301 loading class java/lang/invoke/DirectMethodHandle$Accessor
Event: 0.301 loading class java/lang/invoke/DirectMethodHandle$Accessor done
Event: 0.302 loading class sun/invoke/util/Wrapper$1
Event: 0.302 loading class sun/invoke/util/Wrapper$1 done
Event: 0.302 loading class java/lang/invoke/MethodHandleImpl$IntrinsicMethodHandle
Event: 0.302 loading class java/lang/invoke/DelegatingMethodHandle
Event: 0.302 loading class java/lang/invoke/DelegatingMethodHandle done
Event: 0.302 loading class java/lang/invoke/MethodHandleImpl$IntrinsicMethodHandle done
Event: 0.302 loading class java/lang/invoke/DelegatingMethodHandle$Holder


Dynamic libraries:
0x00007ff609830000 - 0x00007ff60983e000 	C:\Program Files\Eclipse\eclipse\plugins\org.eclipse.justj.openjdk.hotspot.jre.full.win32.x86_64_16.0.1.v20210528-1205\jre\bin\java.exe
0x00007ffa76730000 - 0x00007ffa76925000 	C:\Windows\SYSTEM32\ntdll.dll
0x00007ffa749a0000 - 0x00007ffa74a5e000 	C:\Windows\System32\KERNEL32.DLL
0x00007ffa74170000 - 0x00007ffa74439000 	C:\Windows\System32\KERNELBASE.dll
0x00007ffa74490000 - 0x00007ffa74590000 	C:\Windows\System32\ucrtbase.dll
0x00007ffa65890000 - 0x00007ffa658a8000 	C:\Program Files\Eclipse\eclipse\plugins\org.eclipse.justj.openjdk.hotspot.jre.full.win32.x86_64_16.0.1.v20210528-1205\jre\bin\jli.dll
0x00007ffa65840000 - 0x00007ffa65859000 	C:\Program Files\Eclipse\eclipse\plugins\org.eclipse.justj.openjdk.hotspot.jre.full.win32.x86_64_16.0.1.v20210528-1205\jre\bin\VCRUNTIME140.dll
0x00007ffa760c0000 - 0x00007ffa76261000 	C:\Windows\System32\USER32.dll
0x00007ffa74010000 - 0x00007ffa74032000 	C:\Windows\System32\win32u.dll
0x00007ffa61960000 - 0x00007ffa61bfa000 	C:\Windows\WinSxS\amd64_microsoft.windows.common-controls_6595b64144ccf1df_6.0.19041.1110_none_60b5254171f9507e\COMCTL32.dll
0x00007ffa74c80000 - 0x00007ffa74cab000 	C:\Windows\System32\GDI32.dll
0x00007ffa74820000 - 0x00007ffa748be000 	C:\Windows\System32\msvcrt.dll
0x00007ffa74670000 - 0x00007ffa7477b000 	C:\Windows\System32\gdi32full.dll
0x00007ffa740d0000 - 0x00007ffa7416d000 	C:\Windows\System32\msvcp_win.dll
0x00007ffa76090000 - 0x00007ffa760c0000 	C:\Windows\System32\IMM32.DLL
0x00007ffa6e450000 - 0x00007ffa6e45c000 	C:\Program Files\Eclipse\eclipse\plugins\org.eclipse.justj.openjdk.hotspot.jre.full.win32.x86_64_16.0.1.v20210528-1205\jre\bin\vcruntime140_1.dll
0x00007ffa5fe20000 - 0x00007ffa5feb1000 	C:\Program Files\Eclipse\eclipse\plugins\org.eclipse.justj.openjdk.hotspot.jre.full.win32.x86_64_16.0.1.v20210528-1205\jre\bin\msvcp140.dll
0x00007ffa2cde0000 - 0x00007ffa2d98b000 	C:\Program Files\Eclipse\eclipse\plugins\org.eclipse.justj.openjdk.hotspot.jre.full.win32.x86_64_16.0.1.v20210528-1205\jre\bin\server\jvm.dll
0x00007ffa74a60000 - 0x00007ffa74b0c000 	C:\Windows\System32\ADVAPI32.dll
0x00007ffa75870000 - 0x00007ffa7590b000 	C:\Windows\System32\sechost.dll
0x00007ffa763a0000 - 0x00007ffa764ca000 	C:\Windows\System32\RPCRT4.dll
0x00007ffa74810000 - 0x00007ffa74818000 	C:\Windows\System32\PSAPI.DLL
0x00007ffa6f970000 - 0x00007ffa6f979000 	C:\Windows\SYSTEM32\WSOCK32.dll
0x00007ffa63890000 - 0x00007ffa6389a000 	C:\Windows\SYSTEM32\VERSION.dll
0x00007ffa5e8e0000 - 0x00007ffa5e907000 	C:\Windows\SYSTEM32\WINMM.dll
0x00007ffa764d0000 - 0x00007ffa7653b000 	C:\Windows\System32\WS2_32.dll
0x00007ffa71d50000 - 0x00007ffa71d62000 	C:\Windows\SYSTEM32\kernel.appcore.dll
0x00007ffa65a80000 - 0x00007ffa65a8a000 	C:\Program Files\Eclipse\eclipse\plugins\org.eclipse.justj.openjdk.hotspot.jre.full.win32.x86_64_16.0.1.v20210528-1205\jre\bin\jimage.dll
0x00007ffa63c80000 - 0x00007ffa63e64000 	C:\Windows\SYSTEM32\DBGHELP.DLL
0x00007ffa63c50000 - 0x00007ffa63c7c000 	C:\Windows\SYSTEM32\dbgcore.DLL
0x00007ffa74040000 - 0x00007ffa740c3000 	C:\Windows\System32\bcryptPrimitives.dll
0x00007ffa52d50000 - 0x00007ffa52d75000 	C:\Program Files\Eclipse\eclipse\plugins\org.eclipse.justj.openjdk.hotspot.jre.full.win32.x86_64_16.0.1.v20210528-1205\jre\bin\java.dll
0x00007ffa52c70000 - 0x00007ffa52c88000 	C:\Program Files\Eclipse\eclipse\plugins\org.eclipse.justj.openjdk.hotspot.jre.full.win32.x86_64_16.0.1.v20210528-1205\jre\bin\zip.dll
0x00007ffa75130000 - 0x00007ffa7586f000 	C:\Windows\System32\SHELL32.dll
0x00007ffa71f50000 - 0x00007ffa726e0000 	C:\Windows\SYSTEM32\windows.storage.dll
0x00007ffa75c10000 - 0x00007ffa75f65000 	C:\Windows\System32\combase.dll
0x00007ffa737d0000 - 0x00007ffa737fc000 	C:\Windows\SYSTEM32\Wldp.dll
0x00007ffa75b60000 - 0x00007ffa75c0d000 	C:\Windows\System32\SHCORE.dll
0x00007ffa74c20000 - 0x00007ffa74c75000 	C:\Windows\System32\shlwapi.dll
0x00007ffa73d90000 - 0x00007ffa73daf000 	C:\Windows\SYSTEM32\profapi.dll
0x00007ffa52b80000 - 0x00007ffa52b99000 	C:\Program Files\Eclipse\eclipse\plugins\org.eclipse.justj.openjdk.hotspot.jre.full.win32.x86_64_16.0.1.v20210528-1205\jre\bin\net.dll
0x00007ffa65300000 - 0x00007ffa65408000 	C:\Windows\SYSTEM32\WINHTTP.dll
0x00007ffa73530000 - 0x00007ffa7359a000 	C:\Windows\system32\mswsock.dll
0x00007ffa52a40000 - 0x00007ffa52a53000 	C:\Program Files\Eclipse\eclipse\plugins\org.eclipse.justj.openjdk.hotspot.jre.full.win32.x86_64_16.0.1.v20210528-1205\jre\bin\nio.dll

dbghelp: loaded successfully - version: 4.0.5 - missing functions: none
symbol engine: initialized successfully - sym options: 0x614 - pdb path: .;C:\Program Files\Eclipse\eclipse\plugins\org.eclipse.justj.openjdk.hotspot.jre.full.win32.x86_64_16.0.1.v20210528-1205\jre\bin;C:\Windows\SYSTEM32;C:\Windows\WinSxS\amd64_microsoft.windows.common-controls_6595b64144ccf1df_6.0.19041.1110_none_60b5254171f9507e;C:\Program Files\Eclipse\eclipse\plugins\org.eclipse.justj.openjdk.hotspot.jre.full.win32.x86_64_16.0.1.v20210528-1205\jre\bin\server

VM Arguments:
java_command: C:\Users\SRAVAN~1\AppData\Local\Temp\surefire14176115325451207776\surefirebooter9241856985987747200.jar C:\Users\sravani-jukebox\AppData\Local\Temp\surefire14176115325451207776 2021-11-21T14-25-11_734-jvmRun1 surefire324730171711790480tmp surefire_018226565884317665194tmp
java_class_path (initial): C:\Users\SRAVAN~1\AppData\Local\Temp\surefire14176115325451207776\surefirebooter9241856985987747200.jar
Launcher Type: SUN_STANDARD

[Global flags]
     intx CICompilerCount                          = 3                                         {product} {ergonomic}
     uint ConcGCThreads                            = 1                                         {product} {ergonomic}
     uint G1ConcRefinementThreads                  = 4                                         {product} {ergonomic}
   size_t G1HeapRegionSize                         = 1048576                                   {product} {ergonomic}
    uintx GCDrainStackTargetSize                   = 64                                        {product} {ergonomic}
   size_t InitialHeapSize                          = 67108864                                  {product} {ergonomic}
   size_t MarkStackSize                            = 4194304                                   {product} {ergonomic}
   size_t MaxHeapSize                              = 1046478848                                {product} {ergonomic}
   size_t MaxNewSize                               = 627048448                                 {product} {ergonomic}
   size_t MinHeapDeltaBytes                        = 1048576                                   {product} {ergonomic}
   size_t MinHeapSize                              = 8388608                                   {product} {ergonomic}
    uintx NonNMethodCodeHeapSize                   = 5832780                                {pd product} {ergonomic}
    uintx NonProfiledCodeHeapSize                  = 122912730                              {pd product} {ergonomic}
    uintx ProfiledCodeHeapSize                     = 122912730                              {pd product} {ergonomic}
    uintx ReservedCodeCacheSize                    = 251658240                              {pd product} {ergonomic}
     bool SegmentedCodeCache                       = true                                      {product} {ergonomic}
   size_t SoftMaxHeapSize                          = 1046478848                             {manageable} {ergonomic}
     bool UseCompressedClassPointers               = true                           {product lp64_product} {ergonomic}
     bool UseCompressedOops                        = true                           {product lp64_product} {ergonomic}
     bool UseG1GC                                  = true                                      {product} {ergonomic}
     bool UseLargePagesIndividualAllocation        = false                                  {pd product} {ergonomic}

Logging:
Log output configuration:
 #0: stdout all=warning uptime,level,tags
 #1: stderr all=off uptime,level,tags

Environment Variables:
JAVA_HOME=C:\Program Files\Java\jdk-16.0.2
PATH=C:/Program Files/Eclipse/eclipse//plugins/org.eclipse.justj.openjdk.hotspot.jre.full.win32.x86_64_16.0.1.v20210528-1205/jre/bin/server;C:/Program Files/Eclipse/eclipse//plugins/org.eclipse.justj.openjdk.hotspot.jre.full.win32.x86_64_16.0.1.v20210528-1205/jre/bin;C:\Program Files\Common Files\Oracle\Java\javapath;C:\Windows\system32;C:\Windows;C:\Windows\System32\Wbem;C:\Windows\System32\WindowsPowerShell\v1.0\;C:\Windows\System32\OpenSSH\;C:\Program Files\Microsoft VS Code\bin;C:\Program Files\Python38\Scripts\;C:\Program Files\Python38\;C:\Program Files (x86)\Brackets\command;C:\Program Files\Java\jdk-16.0.2\bin;C:\Program Files\Git\cmd;C:\Users\sravani-jukebox\anaconda3;C:\Users\sravani-jukebox\anaconda3\Library\mingw-w64\bin;C:\Users\sravani-jukebox\anaconda3\Library\usr\bin;C:\Users\sravani-jukebox\anaconda3\Library\bin;C:\Users\sravani-jukebox\anaconda3\Scripts;C:\Users\sravani-jukebox\AppData\Local\Programs\Python\Python38\Scripts\;C:\Users\sravani-jukebox\AppData\Local\Programs\Python\Python38\;C:\Users\sravani-jukebox\AppData\Local\Microsoft\WindowsApps;C:\Program Files\JetBrains\PyCharm 2021.1.1\bin;;C:\Program Files\Python38\Scripts\;C:\Program Files\Python38\;C:\Users\sravani-jukebox\AppData\Local\Programs\Microsoft VS Code\bin;E:\apache-maven-3.8.2\bin;;C:\Program Files\Eclipse\eclipse;
USERNAME=sravani-jukebox
OS=Windows_NT
PROCESSOR_IDENTIFIER=Intel64 Family 6 Model 69 Stepping 1, GenuineIntel



---------------  S Y S T E M  ---------------

OS:
 Windows 10 , 64 bit Build 19041 (10.0.19041.1202)
OS uptime: 4 days 3:57 hours

CPU: total 4 (initial active 4) (2 cores per cpu, 2 threads per core) family 6 model 69 stepping 1 microcode 0x25, cx8, cmov, fxsr, ht, mmx, sse, sse2, sse3, ssse3, sse4.1, sse4.2, popcnt, lzcnt, tsc, tscinvbit, avx, avx2, aes, erms, clmul, bmi1, bmi2, fma, vzeroupper, clflush

Memory: 4k page, system-wide physical 3988M (340M free)
TotalPageFile size 16276M (AvailPageFile size 2M)
current process WorkingSet (physical memory assigned to process): 34M, peak: 34M
current process commit charge ("private bytes"): 130M, peak: 130M

vm_info: OpenJDK 64-Bit Server VM (16.0.1+9-24) for windows-amd64 JRE (16.0.1+9-24), built on Mar 26 2021 19:30:07 by "mach5one" with MS VC++ 16.7 (VS2019)

END.
